<?xml version="1.0" encoding="UTF-8"?>
<!-- Generated by org.testng.reporters.JUnitReportReporter -->
<testsuite hostname="DESKTOP-1TK4TSS" failures="0" tests="4" name="dropDownHandleTest.BlueStoneDropdownTest" time="37.039" errors="0" timestamp="2023-07-05T12:51:01 IST" skipped="0">
  <testcase classname="dropDownHandleTest.BlueStoneDropdownTest" name="bluestoneWatchJewelleryOptionMethodTest" time="6.587"/>
  <system-out/>
  <testcase classname="dropDownHandleTest.BlueStoneDropdownTest" name="bluestoneRingsOptionMethodTest" time="9.566"/>
  <system-out/>
  <testcase classname="dropDownHandleTest.BlueStoneDropdownTest" name="bluestoneEarringsOptionsMethodTest" time="6.748"/>
  <system-out/>
  <testcase classname="dropDownHandleTest.BlueStoneDropdownTest" name="earringsFilterOptionsMethodTest" time="14.138"/>
  <system-out/>
</testsuite> <!-- dropDownHandleTest.BlueStoneDropdownTest -->
