<?xml version="1.0" encoding="UTF-8"?>
<!-- Generated by org.testng.reporters.JUnitReportReporter -->
<testsuite hostname="DESKTOP-1TK4TSS" failures="0" tests="1" name="notificationHandling.RedBusNotificationPopUpTest" time="28.738" errors="0" timestamp="2023-07-03T19:42:06 IST" skipped="0">
  <testcase classname="notificationHandling.RedBusNotificationPopUpTest" name="redBusNotificationMethodTest" time="28.738"/>
  <system-out/>
</testsuite> <!-- notificationHandling.RedBusNotificationPopUpTest -->
