<?xml version="1.0" encoding="UTF-8"?>
<!-- Generated by org.testng.reporters.JUnitReportReporter -->
<testsuite hostname="DESKTOP-1TK4TSS" failures="0" tests="1" name="webpageTesting.TajDropDownAllOptionsTest" time="44.863" errors="0" timestamp="2023-07-01T22:41:32 IST" skipped="0">
  <testcase classname="webpageTesting.TajDropDownAllOptionsTest" name="takeLocationNames" time="44.863"/>
  <system-out/>
</testsuite> <!-- webpageTesting.TajDropDownAllOptionsTest -->
