<?xml version="1.0" encoding="UTF-8"?>
<!-- Generated by org.testng.reporters.JUnitReportReporter -->
<testsuite hostname="DESKTOP-1TK4TSS" failures="0" tests="1" name="readDataFromProperties.LaunchTajWebPageByReadingDataFromPropertiesFileTest" time="43.212" errors="0" timestamp="2023-07-06T23:35:40 IST" skipped="0">
  <testcase classname="readDataFromProperties.LaunchTajWebPageByReadingDataFromPropertiesFileTest" name="readDataFromPropertiesFileMethodTest" time="43.212"/>
  <system-out/>
</testsuite> <!-- readDataFromProperties.LaunchTajWebPageByReadingDataFromPropertiesFileTest -->
